Using pre-set license
Built from '2020.3/staging' branch; Version is '2020.3.20f1 (41c4e627c95f) revision 4310246'; Using compiler version '192528614'; Build Type 'Release'
OS: 'Windows 10 Home Single Language; OS build 19042.1288; Version 2009; 64bit' Language: 'en' Physical Memory: 8112 MB
BatchMode: 1, IsHumanControllingUs: 0, StartBugReporterOnCrash: 0, Is64bit: 1, IsPro: 0

COMMAND LINE ARGUMENTS:
C:\Program Files\Unity\Hub\Editor\2020.3.20f1\Editor\Unity.exe
-adb2
-batchMode
-noUpm
-name
AssetImportWorker0
-projectPath
C:/Kuliah/Semester 3/Grafika Komputer/gamegrafkom/My project (2)
-logFile
Logs/AssetImportWorker0.log
-srvPort
59602
Successfully changed project path to: C:/Kuliah/Semester 3/Grafika Komputer/gamegrafkom/My project (2)
C:/Kuliah/Semester 3/Grafika Komputer/gamegrafkom/My project (2)
Using Asset Import Pipeline V2.
Refreshing native plugins compatible for Editor in 41.14 ms, found 3 plugins.
Preloading 0 native plugins for Editor in 0.00 ms.
Initialize engine version: 2020.3.20f1 (41c4e627c95f)
[Subsystems] Discovering subsystems at path C:/Program Files/Unity/Hub/Editor/2020.3.20f1/Editor/Data/Resources/UnitySubsystems
[Subsystems] Discovering subsystems at path C:/Kuliah/Semester 3/Grafika Komputer/gamegrafkom/My project (2)/Assets
GfxDevice: creating device client; threaded=0
Direct3D:
    Version:  Direct3D 11.0 [level 11.1]
    Renderer: NVIDIA GeForce GTX 1650 (ID=0x1f91)
    Vendor:   
    VRAM:     3962 MB
    Driver:   27.21.14.6230
Initialize mono
Mono path[0] = 'C:/Program Files/Unity/Hub/Editor/2020.3.20f1/Editor/Data/Managed'
Mono path[1] = 'C:/Program Files/Unity/Hub/Editor/2020.3.20f1/Editor/Data/MonoBleedingEdge/lib/mono/unityjit'
Mono config path = 'C:/Program Files/Unity/Hub/Editor/2020.3.20f1/Editor/Data/MonoBleedingEdge/etc'
Using monoOptions --debugger-agent=transport=dt_socket,embedding=1,server=y,suspend=n,address=127.0.0.1:56160
Begin MonoManager ReloadAssembly
Registering precompiled unity dll's ...
Register platform support module: C:/Program Files/Unity/Hub/Editor/2020.3.20f1/Editor/Data/PlaybackEngines/WindowsStandaloneSupport/UnityEditor.WindowsStandalone.Extensions.dll
Registered in 0.001780 seconds.
Native extension for WindowsStandalone target not found
Refreshing native plugins compatible for Editor in 41.71 ms, found 3 plugins.
Preloading 0 native plugins for Editor in 0.00 ms.
Mono: successfully reloaded assembly
- Completed reload, in  0.942 seconds
Domain Reload Profiling:
	ReloadAssembly (942ms)
		BeginReloadAssembly (50ms)
			ExecutionOrderSort (0ms)
			DisableScriptedObjects (0ms)
			BackupInstance (0ms)
			ReleaseScriptingObjects (0ms)
			CreateAndSetChildDomain (1ms)
		EndReloadAssembly (410ms)
			LoadAssemblies (48ms)
			RebuildTransferFunctionScriptingTraits (0ms)
			SetupTypeCache (144ms)
			ReleaseScriptCaches (0ms)
			RebuildScriptCaches (34ms)
			SetupLoadedEditorAssemblies (160ms)
				LogAssemblyErrors (0ms)
				InitializePlatformSupportModulesInManaged (4ms)
				SetLoadedEditorAssemblies (0ms)
				RefreshPlugins (42ms)
				BeforeProcessingInitializeOnLoad (8ms)
				ProcessInitializeOnLoadAttributes (78ms)
				ProcessInitializeOnLoadMethodAttributes (28ms)
				AfterProcessingInitializeOnLoad (0ms)
				EditorAssembliesLoaded (0ms)
			ExecutionOrderSort2 (0ms)
			AwakeInstancesAfterBackupRestoration (0ms)
Platform modules already initialized, skipping
Registering precompiled user dll's ...
Registered in 0.002627 seconds.
Begin MonoManager ReloadAssembly
Native extension for WindowsStandalone target not found
Refreshing native plugins compatible for Editor in 38.54 ms, found 3 plugins.
Preloading 0 native plugins for Editor in 0.00 ms.
Mono: successfully reloaded assembly
- Completed reload, in  1.020 seconds
Domain Reload Profiling:
	ReloadAssembly (1021ms)
		BeginReloadAssembly (133ms)
			ExecutionOrderSort (0ms)
			DisableScriptedObjects (4ms)
			BackupInstance (0ms)
			ReleaseScriptingObjects (0ms)
			CreateAndSetChildDomain (17ms)
		EndReloadAssembly (830ms)
			LoadAssemblies (82ms)
			RebuildTransferFunctionScriptingTraits (0ms)
			SetupTypeCache (269ms)
			ReleaseScriptCaches (1ms)
			RebuildScriptCaches (45ms)
			SetupLoadedEditorAssemblies (311ms)
				LogAssemblyErrors (0ms)
				InitializePlatformSupportModulesInManaged (3ms)
				SetLoadedEditorAssemblies (0ms)
				RefreshPlugins (39ms)
				BeforeProcessingInitializeOnLoad (63ms)
				ProcessInitializeOnLoadAttributes (189ms)
				ProcessInitializeOnLoadMethodAttributes (12ms)
				AfterProcessingInitializeOnLoad (5ms)
				EditorAssembliesLoaded (0ms)
			ExecutionOrderSort2 (0ms)
			AwakeInstancesAfterBackupRestoration (6ms)
Platform modules already initialized, skipping
========================================================================
Worker process is ready to serve import requests
Launched and connected shader compiler UnityShaderCompiler.exe after 0.07 seconds
Refreshing native plugins compatible for Editor in 0.42 ms, found 3 plugins.
Preloading 0 native plugins for Editor in 0.00 ms.
Unloading 2093 Unused Serialized files (Serialized files now loaded: 0)
System memory in use before: 93.1 MB.
System memory in use after: 93.2 MB.

Unloading 26 unused Assets to reduce memory usage. Loaded Objects now: 2532.
Total: 2.992600 ms (FindLiveObjects: 0.213800 ms CreateObjectMapping: 0.068000 ms MarkObjects: 2.646200 ms  DeleteObjects: 0.063700 ms)

AssetImportParameters requested are different than current active one (requested -> active):
  custom:framework-win-MediaFoundation: 216162199b28c13a410421893ffa2e32 -> 
  custom:video-decoder-ogg-theora: a1e56fd34408186e4bbccfd4996cb3dc -> 
  custom:container-muxer-webm: aa71ff27fc2769a1b78a27578f13a17b -> 
  custom:container-demuxer-webm: 4f35f7cbe854078d1ac9338744f61a02 -> 
  custom:container-demuxer-ogg: 62fdf1f143b41e24485cea50d1cbac27 -> 
  custom:video-encoder-webm-vp8: eb34c28f22e8b96e1ab97ce403110664 -> 
  custom:video-codec-MediaFoundation-h265: 746d11721c4dcdbdad8f713fa42b33f4 -> 
  custom:video-decoder-webm-vp8: 9c59270c3fd7afecdb556c50c9e8de78 -> 
  custom:audio-decoder-ogg-vorbis: bf7c407c2cedff20999df2af8eb42d56 -> 
  custom:audio-encoder-webm-vorbis: bf7c407c2cedff20999df2af8eb42d56 -> 
========================================================================
Received Import Request.
  path: Assets/Gambar/title.png
  artifactKey: Guid(f1baa2be9e17bec43ba6de132ee79c00) Importer(815301076,1909f56bfc062723c751e8b465ee728b)
Start importing Assets/Gambar/title.png using Guid(f1baa2be9e17bec43ba6de132ee79c00) Importer(815301076,1909f56bfc062723c751e8b465ee728b)  -> (artifact id: '28e5ff52fbfa139569be69f29392dbfb') in 0.086683 seconds 
  Import took 0.091078 seconds .

========================================================================
Received Import Request.
  Time since last request: 0.000369 seconds.
  path: Assets/Gambar/instructions.png
  artifactKey: Guid(531bcc75c24e55b4eb563d3cb8bb0876) Importer(815301076,1909f56bfc062723c751e8b465ee728b)
Start importing Assets/Gambar/instructions.png using Guid(531bcc75c24e55b4eb563d3cb8bb0876) Importer(815301076,1909f56bfc062723c751e8b465ee728b)  -> (artifact id: 'cca00245479227bfdf1365aab716c885') in 0.018299 seconds 
  Import took 0.022118 seconds .

========================================================================
Received Import Request.
  Time since last request: 0.000219 seconds.
  path: Assets/Gambar/particle.png
  artifactKey: Guid(c875bb7273d635443a003a3eba92d121) Importer(815301076,1909f56bfc062723c751e8b465ee728b)
Start importing Assets/Gambar/particle.png using Guid(c875bb7273d635443a003a3eba92d121) Importer(815301076,1909f56bfc062723c751e8b465ee728b)  -> (artifact id: '7f1b556dd30e932ae738d0458ba52feb') in 0.019748 seconds 
  Import took 0.023318 seconds .

========================================================================
Received Import Request.
  Time since last request: 0.000315 seconds.
  path: Assets/Gambar/bird.png
  artifactKey: Guid(7fde6bd837afd604d83f1a46fc6d5803) Importer(815301076,1909f56bfc062723c751e8b465ee728b)
Start importing Assets/Gambar/bird.png using Guid(7fde6bd837afd604d83f1a46fc6d5803) Importer(815301076,1909f56bfc062723c751e8b465ee728b)  -> (artifact id: '71cae687d305b51d6e5ff61a0c3ee3f0') in 0.013660 seconds 
  Import took 0.017380 seconds .

========================================================================
Received Import Request.
  Time since last request: 0.000235 seconds.
  path: Assets/Gambar/medals.png
  artifactKey: Guid(485bf19e09a3d1a49b8e45cbbe05e9a1) Importer(815301076,1909f56bfc062723c751e8b465ee728b)
Start importing Assets/Gambar/medals.png using Guid(485bf19e09a3d1a49b8e45cbbe05e9a1) Importer(815301076,1909f56bfc062723c751e8b465ee728b)  -> (artifact id: '74113e49dabe2c2e9ef7fb5660f72e7b') in 0.016956 seconds 
  Import took 0.020374 seconds .

========================================================================
Received Import Request.
  Time since last request: 0.000304 seconds.
  path: Assets/Gambar/Logo.png
  artifactKey: Guid(4b04def7d34bb894fb72e4b67a7700e5) Importer(815301076,1909f56bfc062723c751e8b465ee728b)
Start importing Assets/Gambar/Logo.png using Guid(4b04def7d34bb894fb72e4b67a7700e5) Importer(815301076,1909f56bfc062723c751e8b465ee728b)  -> (artifact id: '4cf058173a0ed240a9b1252fad7f5cd5') in 0.026509 seconds 
  Import took 0.029354 seconds .

========================================================================
Received Import Request.
  Time since last request: 0.000316 seconds.
  path: Assets/Gambar/pipe.png
  artifactKey: Guid(669baab40424905498c004e9b5f45d61) Importer(815301076,1909f56bfc062723c751e8b465ee728b)
Start importing Assets/Gambar/pipe.png using Guid(669baab40424905498c004e9b5f45d61) Importer(815301076,1909f56bfc062723c751e8b465ee728b)  -> (artifact id: '9f0b6ab444d4ceb1caa91a2b041b92fc') in 0.015971 seconds 
  Import took 0.020515 seconds .

========================================================================
Received Import Request.
  Time since last request: 0.000315 seconds.
  path: Assets/Gambar
  artifactKey: Guid(78dae9cb19e655d43baef91b1cb78b56) Importer(815301076,1909f56bfc062723c751e8b465ee728b)
Start importing Assets/Gambar using Guid(78dae9cb19e655d43baef91b1cb78b56) Importer(815301076,1909f56bfc062723c751e8b465ee728b)  -> (artifact id: '245189a73775243675385e3ac7fe0429') in 0.005680 seconds 
  Import took 0.009118 seconds .

========================================================================
Received Import Request.
  Time since last request: 0.000264 seconds.
  path: Assets/Gambar/pipes.png
  artifactKey: Guid(a3a07595a4feb3341a71b9800d9aeda2) Importer(815301076,1909f56bfc062723c751e8b465ee728b)
Start importing Assets/Gambar/pipes.png using Guid(a3a07595a4feb3341a71b9800d9aeda2) Importer(815301076,1909f56bfc062723c751e8b465ee728b)  -> (artifact id: '77a947b03b4fede66a3937414fa7761b') in 0.018364 seconds 
  Import took 0.022217 seconds .

========================================================================
Received Import Request.
  Time since last request: 0.000307 seconds.
  path: Assets/Gambar/gameover.png
  artifactKey: Guid(875c87cb060fd6c47af8e8108ab3344a) Importer(815301076,1909f56bfc062723c751e8b465ee728b)
Start importing Assets/Gambar/gameover.png using Guid(875c87cb060fd6c47af8e8108ab3344a) Importer(815301076,1909f56bfc062723c751e8b465ee728b)  -> (artifact id: '146a0b8fec04590935fcbba187bb5210') in 0.012790 seconds 
  Import took 0.016355 seconds .

========================================================================
Received Import Request.
  Time since last request: 0.000286 seconds.
  path: Assets/Gambar/preloader.gif
  artifactKey: Guid(24cd122c13904d54996b4781c9eecd69) Importer(815301076,1909f56bfc062723c751e8b465ee728b)
Start importing Assets/Gambar/preloader.gif using Guid(24cd122c13904d54996b4781c9eecd69) Importer(815301076,1909f56bfc062723c751e8b465ee728b)  -> (artifact id: '577a3fd335665987ecc693969b002e92') in 0.015142 seconds 
  Import took 0.019010 seconds .

========================================================================
Received Import Request.
  Time since last request: 0.000311 seconds.
  path: Assets/Gambar/get-ready.png
  artifactKey: Guid(6dd3e2493d3b5f149b59e1be0adb6e96) Importer(815301076,1909f56bfc062723c751e8b465ee728b)
Start importing Assets/Gambar/get-ready.png using Guid(6dd3e2493d3b5f149b59e1be0adb6e96) Importer(815301076,1909f56bfc062723c751e8b465ee728b)  -> (artifact id: 'b1a2dd4fbd62db1d5e03124a1f33cf75') in 0.020274 seconds 
  Import took 0.024129 seconds .

========================================================================
Received Import Request.
  Time since last request: 0.000315 seconds.
  path: Assets/Gambar/scoreboard.png
  artifactKey: Guid(2be1c81fe9ab7a6489d084b48a27050a) Importer(815301076,1909f56bfc062723c751e8b465ee728b)
Start importing Assets/Gambar/scoreboard.png using Guid(2be1c81fe9ab7a6489d084b48a27050a) Importer(815301076,1909f56bfc062723c751e8b465ee728b)  -> (artifact id: 'bacde341c991dce8abee73c497b7ad9d') in 0.016212 seconds 
  Import took 0.019639 seconds .

========================================================================
Received Import Request.
  Time since last request: 0.000334 seconds.
  path: Assets/Gambar/flappyfont.png
  artifactKey: Guid(0338f845f146e964fb7ae39d40dba042) Importer(815301076,1909f56bfc062723c751e8b465ee728b)
Start importing Assets/Gambar/flappyfont.png using Guid(0338f845f146e964fb7ae39d40dba042) Importer(815301076,1909f56bfc062723c751e8b465ee728b)  -> (artifact id: '62696ca1c0e9259fc65224b834ffc232') in 0.018346 seconds 
  Import took 0.022033 seconds .

========================================================================
Received Import Request.
  Time since last request: 0.000316 seconds.
  path: Assets/Scenes
  artifactKey: Guid(d47e3162a63885a47b1b51744b29cb76) Importer(815301076,1909f56bfc062723c751e8b465ee728b)
Start importing Assets/Scenes using Guid(d47e3162a63885a47b1b51744b29cb76) Importer(815301076,1909f56bfc062723c751e8b465ee728b)  -> (artifact id: 'fb85dd47e8a13ef490e1047f34ed25c0') in 0.006450 seconds 
  Import took 0.009808 seconds .

========================================================================
Received Import Request.
  Time since last request: 0.000312 seconds.
  path: Assets/Gambar/ground.png
  artifactKey: Guid(880b4d27cf37a7545bb1df60044ee951) Importer(815301076,1909f56bfc062723c751e8b465ee728b)
Start importing Assets/Gambar/ground.png using Guid(880b4d27cf37a7545bb1df60044ee951) Importer(815301076,1909f56bfc062723c751e8b465ee728b)  -> (artifact id: 'd703875ccc6b0cd55871ebdc5a3a12d9') in 0.016513 seconds 
  Import took 0.020381 seconds .

========================================================================
Received Import Request.
  Time since last request: 0.000306 seconds.
  path: Assets/Gambar/background.png
  artifactKey: Guid(f802a2f4c8532a54eb55bc2c873befdf) Importer(815301076,1909f56bfc062723c751e8b465ee728b)
Start importing Assets/Gambar/background.png using Guid(f802a2f4c8532a54eb55bc2c873befdf) Importer(815301076,1909f56bfc062723c751e8b465ee728b)  -> (artifact id: 'ac25ccb2f578d21db70a7521f11ba3f7') in 0.020972 seconds 
  Import took 0.024977 seconds .

========================================================================
Received Import Request.
  Time since last request: 0.000313 seconds.
  path: Assets/Gambar/start-button.png
  artifactKey: Guid(71ba862a6b9c4a6469e3f7018cca06ac) Importer(815301076,1909f56bfc062723c751e8b465ee728b)
Start importing Assets/Gambar/start-button.png using Guid(71ba862a6b9c4a6469e3f7018cca06ac) Importer(815301076,1909f56bfc062723c751e8b465ee728b)  -> (artifact id: '41cf6f426e2561a4a0af9ba95e3e7379') in 0.019658 seconds 
  Import took 0.023359 seconds .

========================================================================
Received Import Request.
  Time since last request: 0.000317 seconds.
  path: Assets/Sound
  artifactKey: Guid(b1acefd2d53133846b53905291043021) Importer(815301076,1909f56bfc062723c751e8b465ee728b)
Start importing Assets/Sound using Guid(b1acefd2d53133846b53905291043021) Importer(815301076,1909f56bfc062723c751e8b465ee728b)  -> (artifact id: '4b1de6e4dc6b1d9e40fc5c5475ca5a62') in 0.005543 seconds 
  Import took 0.008966 seconds .

